<?xml version="1.0" encoding="UTF-8"?>
<testng-results ignored="0" total="1" passed="1" failed="0" skipped="0">
  <reporter-output>
  </reporter-output>
  <suite started-at="2024-06-21T23:58:19 SGT" name="Surefire suite" finished-at="2024-06-21T23:58:31 SGT" duration-ms="12359">
    <groups>
    </groups>
    <test started-at="2024-06-21T23:58:19 SGT" name="Surefire test" finished-at="2024-06-21T23:58:31 SGT" duration-ms="12359">
      <class name="SeleniumTest">
        <test-method is-config="true" signature="Setup()[pri:0, instance:SeleniumTest@49d904ec]" started-at="2024-06-21T23:58:19 SGT" name="Setup" finished-at="2024-06-21T23:58:31 SGT" duration-ms="12225" status="PASS">
          <reporter-output>
          </reporter-output>
        </test-method> <!-- Setup -->
        <test-method signature="loginTest()[pri:0, instance:SeleniumTest@49d904ec]" started-at="2024-06-21T23:58:31 SGT" name="loginTest" finished-at="2024-06-21T23:58:31 SGT" duration-ms="91" status="PASS">
          <reporter-output>
          </reporter-output>
        </test-method> <!-- loginTest -->
      </class> <!-- SeleniumTest -->
    </test> <!-- Surefire test -->
  </suite> <!-- Surefire suite -->
</testng-results>
